{"/Users/chenyuwang/Storage/Developer/Courses/Springboard/Projects/express-jobly/app.js": {"path":"/Users/chenyuwang/Storage/Developer/Courses/Springboard/Projects/express-jobly/app.js","statementMap":{"0":{"start":{"line":5,"column":16},"end":{"line":5,"column":34}},"1":{"start":{"line":6,"column":13},"end":{"line":6,"column":28}},"2":{"start":{"line":8,"column":26},"end":{"line":8,"column":51}},"3":{"start":{"line":10,"column":28},"end":{"line":10,"column":56}},"4":{"start":{"line":11,"column":19},"end":{"line":11,"column":43}},"5":{"start":{"line":12,"column":24},"end":{"line":12,"column":53}},"6":{"start":{"line":13,"column":20},"end":{"line":13,"column":45}},"7":{"start":{"line":14,"column":19},"end":{"line":14,"column":43}},"8":{"start":{"line":16,"column":15},"end":{"line":16,"column":32}},"9":{"start":{"line":18,"column":12},"end":{"line":18,"column":21}},"10":{"start":{"line":20,"column":0},"end":{"line":20,"column":16}},"11":{"start":{"line":21,"column":0},"end":{"line":21,"column":24}},"12":{"start":{"line":22,"column":0},"end":{"line":22,"column":24}},"13":{"start":{"line":23,"column":0},"end":{"line":23,"column":25}},"14":{"start":{"line":25,"column":0},"end":{"line":25,"column":29}},"15":{"start":{"line":26,"column":0},"end":{"line":26,"column":39}},"16":{"start":{"line":27,"column":0},"end":{"line":27,"column":31}},"17":{"start":{"line":28,"column":0},"end":{"line":28,"column":29}},"18":{"start":{"line":31,"column":0},"end":{"line":33,"column":3}},"19":{"start":{"line":32,"column":2},"end":{"line":32,"column":35}},"20":{"start":{"line":36,"column":0},"end":{"line":44,"column":3}},"21":{"start":{"line":37,"column":2},"end":{"line":37,"column":64}},"22":{"start":{"line":37,"column":39},"end":{"line":37,"column":64}},"23":{"start":{"line":38,"column":17},"end":{"line":38,"column":34}},"24":{"start":{"line":39,"column":18},"end":{"line":39,"column":29}},"25":{"start":{"line":41,"column":2},"end":{"line":43,"column":5}},"26":{"start":{"line":46,"column":0},"end":{"line":46,"column":21}}},"fnMap":{"0":{"name":"(anonymous_0)","decl":{"start":{"line":31,"column":8},"end":{"line":31,"column":9}},"loc":{"start":{"line":31,"column":34},"end":{"line":33,"column":1}},"line":31},"1":{"name":"(anonymous_1)","decl":{"start":{"line":36,"column":8},"end":{"line":36,"column":9}},"loc":{"start":{"line":36,"column":39},"end":{"line":44,"column":1}},"line":36}},"branchMap":{"0":{"loc":{"start":{"line":37,"column":2},"end":{"line":37,"column":64}},"type":"if","locations":[{"start":{"line":37,"column":2},"end":{"line":37,"column":64}},{"start":{},"end":{}}],"line":37},"1":{"loc":{"start":{"line":38,"column":17},"end":{"line":38,"column":34}},"type":"binary-expr","locations":[{"start":{"line":38,"column":17},"end":{"line":38,"column":27}},{"start":{"line":38,"column":31},"end":{"line":38,"column":34}}],"line":38}},"s":{"0":5,"1":5,"2":5,"3":5,"4":5,"5":5,"6":5,"7":5,"8":5,"9":5,"10":5,"11":5,"12":5,"13":5,"14":5,"15":5,"16":5,"17":5,"18":5,"19":2,"20":5,"21":53,"22":1,"23":53,"24":53,"25":53,"26":5},"f":{"0":2,"1":53},"b":{"0":[1,52],"1":[53,5]},"_coverageSchema":"1a1c01bbd47fc00a2c39e90264f33305004495a9","hash":"54c001c34654ded2b8e7b9e03aa7508333206e2f"}
,"/Users/chenyuwang/Storage/Developer/Courses/Springboard/Projects/express-jobly/config.js": {"path":"/Users/chenyuwang/Storage/Developer/Courses/Springboard/Projects/express-jobly/config.js","statementMap":{"0":{"start":{"line":5,"column":0},"end":{"line":5,"column":27}},"1":{"start":{"line":6,"column":0},"end":{"line":6,"column":18}},"2":{"start":{"line":8,"column":19},"end":{"line":8,"column":57}},"3":{"start":{"line":10,"column":13},"end":{"line":10,"column":38}},"4":{"start":{"line":14,"column":2},"end":{"line":16,"column":42}},"5":{"start":{"line":22,"column":27},"end":{"line":22,"column":67}},"6":{"start":{"line":32,"column":0},"end":{"line":37,"column":2}}},"fnMap":{"0":{"name":"getDatabaseUri","decl":{"start":{"line":13,"column":9},"end":{"line":13,"column":23}},"loc":{"start":{"line":13,"column":26},"end":{"line":17,"column":1}},"line":13}},"branchMap":{"0":{"loc":{"start":{"line":8,"column":19},"end":{"line":8,"column":57}},"type":"binary-expr","locations":[{"start":{"line":8,"column":19},"end":{"line":8,"column":41}},{"start":{"line":8,"column":45},"end":{"line":8,"column":57}}],"line":8},"1":{"loc":{"start":{"line":10,"column":13},"end":{"line":10,"column":38}},"type":"binary-expr","locations":[{"start":{"line":10,"column":13},"end":{"line":10,"column":30}},{"start":{"line":10,"column":34},"end":{"line":10,"column":38}}],"line":10},"2":{"loc":{"start":{"line":14,"column":9},"end":{"line":16,"column":41}},"type":"cond-expr","locations":[{"start":{"line":15,"column":6},"end":{"line":15,"column":18}},{"start":{"line":16,"column":6},"end":{"line":16,"column":41}}],"line":14},"3":{"loc":{"start":{"line":16,"column":6},"end":{"line":16,"column":41}},"type":"binary-expr","locations":[{"start":{"line":16,"column":6},"end":{"line":16,"column":30}},{"start":{"line":16,"column":34},"end":{"line":16,"column":41}}],"line":16},"4":{"loc":{"start":{"line":22,"column":27},"end":{"line":22,"column":67}},"type":"cond-expr","locations":[{"start":{"line":22,"column":61},"end":{"line":22,"column":62}},{"start":{"line":22,"column":65},"end":{"line":22,"column":67}}],"line":22}},"s":{"0":11,"1":11,"2":11,"3":11,"4":11,"5":11,"6":11},"f":{"0":11},"b":{"0":[11,10],"1":[11,10],"2":[9,2],"3":[2,1],"4":[10,1]},"_coverageSchema":"1a1c01bbd47fc00a2c39e90264f33305004495a9","hash":"d6e6c409ec1b918c875e6eb5ad228a63ac6e4d95"}
,"/Users/chenyuwang/Storage/Developer/Courses/Springboard/Projects/express-jobly/db.js": {"path":"/Users/chenyuwang/Storage/Developer/Courses/Springboard/Projects/express-jobly/db.js","statementMap":{"0":{"start":{"line":3,"column":19},"end":{"line":3,"column":32}},"1":{"start":{"line":4,"column":27},"end":{"line":4,"column":46}},"2":{"start":{"line":8,"column":0},"end":{"line":19,"column":1}},"3":{"start":{"line":9,"column":2},"end":{"line":14,"column":5}},"4":{"start":{"line":16,"column":2},"end":{"line":18,"column":5}},"5":{"start":{"line":21,"column":0},"end":{"line":21,"column":13}},"6":{"start":{"line":23,"column":0},"end":{"line":23,"column":20}}},"fnMap":{},"branchMap":{"0":{"loc":{"start":{"line":8,"column":0},"end":{"line":19,"column":1}},"type":"if","locations":[{"start":{"line":8,"column":0},"end":{"line":19,"column":1}},{"start":{"line":15,"column":7},"end":{"line":19,"column":1}}],"line":8}},"s":{"0":8,"1":8,"2":8,"3":0,"4":8,"5":8,"6":8},"f":{},"b":{"0":[0,8]},"_coverageSchema":"1a1c01bbd47fc00a2c39e90264f33305004495a9","hash":"f8b3d40ba33c736b989f228f53eb59b4826eefe4"}
,"/Users/chenyuwang/Storage/Developer/Courses/Springboard/Projects/express-jobly/expressError.js": {"path":"/Users/chenyuwang/Storage/Developer/Courses/Springboard/Projects/express-jobly/expressError.js","statementMap":{"0":{"start":{"line":9,"column":4},"end":{"line":9,"column":12}},"1":{"start":{"line":10,"column":4},"end":{"line":10,"column":27}},"2":{"start":{"line":11,"column":4},"end":{"line":11,"column":25}},"3":{"start":{"line":19,"column":4},"end":{"line":19,"column":24}},"4":{"start":{"line":27,"column":4},"end":{"line":27,"column":24}},"5":{"start":{"line":35,"column":4},"end":{"line":35,"column":24}},"6":{"start":{"line":43,"column":4},"end":{"line":43,"column":24}},"7":{"start":{"line":47,"column":0},"end":{"line":53,"column":2}}},"fnMap":{"0":{"name":"(anonymous_0)","decl":{"start":{"line":8,"column":2},"end":{"line":8,"column":3}},"loc":{"start":{"line":8,"column":31},"end":{"line":12,"column":3}},"line":8},"1":{"name":"(anonymous_1)","decl":{"start":{"line":18,"column":2},"end":{"line":18,"column":3}},"loc":{"start":{"line":18,"column":37},"end":{"line":20,"column":3}},"line":18},"2":{"name":"(anonymous_2)","decl":{"start":{"line":26,"column":2},"end":{"line":26,"column":3}},"loc":{"start":{"line":26,"column":40},"end":{"line":28,"column":3}},"line":26},"3":{"name":"(anonymous_3)","decl":{"start":{"line":34,"column":2},"end":{"line":34,"column":3}},"loc":{"start":{"line":34,"column":39},"end":{"line":36,"column":3}},"line":34},"4":{"name":"(anonymous_4)","decl":{"start":{"line":42,"column":2},"end":{"line":42,"column":3}},"loc":{"start":{"line":42,"column":39},"end":{"line":44,"column":3}},"line":42}},"branchMap":{"0":{"loc":{"start":{"line":18,"column":14},"end":{"line":18,"column":35}},"type":"default-arg","locations":[{"start":{"line":18,"column":24},"end":{"line":18,"column":35}}],"line":18},"1":{"loc":{"start":{"line":26,"column":14},"end":{"line":26,"column":38}},"type":"default-arg","locations":[{"start":{"line":26,"column":24},"end":{"line":26,"column":38}}],"line":26},"2":{"loc":{"start":{"line":34,"column":14},"end":{"line":34,"column":37}},"type":"default-arg","locations":[{"start":{"line":34,"column":24},"end":{"line":34,"column":37}}],"line":34},"3":{"loc":{"start":{"line":42,"column":14},"end":{"line":42,"column":37}},"type":"default-arg","locations":[{"start":{"line":42,"column":24},"end":{"line":42,"column":37}}],"line":42}},"s":{"0":69,"1":69,"2":69,"3":22,"4":25,"5":22,"6":0,"7":10},"f":{"0":69,"1":22,"2":25,"3":22,"4":0},"b":{"0":[2],"1":[21],"2":[0],"3":[0]},"_coverageSchema":"1a1c01bbd47fc00a2c39e90264f33305004495a9","hash":"cd697ae82b80530e763b1181dda92ddf66c9bd31"}
,"/Users/chenyuwang/Storage/Developer/Courses/Springboard/Projects/express-jobly/helpers/sql.js": {"path":"/Users/chenyuwang/Storage/Developer/Courses/Springboard/Projects/express-jobly/helpers/sql.js","statementMap":{"0":{"start":{"line":1,"column":28},"end":{"line":1,"column":54}},"1":{"start":{"line":6,"column":15},"end":{"line":6,"column":40}},"2":{"start":{"line":8,"column":2},"end":{"line":8,"column":62}},"3":{"start":{"line":8,"column":25},"end":{"line":8,"column":62}},"4":{"start":{"line":11,"column":15},"end":{"line":13,"column":3}},"5":{"start":{"line":12,"column":22},"end":{"line":12,"column":68}},"6":{"start":{"line":15,"column":2},"end":{"line":18,"column":4}},"7":{"start":{"line":23,"column":0},"end":{"line":23,"column":41}}},"fnMap":{"0":{"name":"sqlForPartialUpdate","decl":{"start":{"line":5,"column":9},"end":{"line":5,"column":28}},"loc":{"start":{"line":5,"column":62},"end":{"line":19,"column":1}},"line":5},"1":{"name":"(anonymous_1)","decl":{"start":{"line":12,"column":4},"end":{"line":12,"column":5}},"loc":{"start":{"line":12,"column":22},"end":{"line":12,"column":68}},"line":12}},"branchMap":{"0":{"loc":{"start":{"line":5,"column":29},"end":{"line":5,"column":46}},"type":"default-arg","locations":[{"start":{"line":5,"column":44},"end":{"line":5,"column":46}}],"line":5},"1":{"loc":{"start":{"line":5,"column":48},"end":{"line":5,"column":60}},"type":"default-arg","locations":[{"start":{"line":5,"column":58},"end":{"line":5,"column":60}}],"line":5},"2":{"loc":{"start":{"line":8,"column":2},"end":{"line":8,"column":62}},"type":"if","locations":[{"start":{"line":8,"column":2},"end":{"line":8,"column":62}},{"start":{},"end":{}}],"line":8},"3":{"loc":{"start":{"line":12,"column":26},"end":{"line":12,"column":53}},"type":"binary-expr","locations":[{"start":{"line":12,"column":26},"end":{"line":12,"column":42}},{"start":{"line":12,"column":46},"end":{"line":12,"column":53}}],"line":12}},"s":{"0":9,"1":24,"2":24,"3":4,"4":20,"5":40,"6":20,"7":9},"f":{"0":24,"1":40},"b":{"0":[1],"1":[9],"2":[4,20],"3":[40,26]},"_coverageSchema":"1a1c01bbd47fc00a2c39e90264f33305004495a9","hash":"7bc4f29ec463ad139d8b9d9bab18995d065bbf32"}
,"/Users/chenyuwang/Storage/Developer/Courses/Springboard/Projects/express-jobly/helpers/tokens.js": {"path":"/Users/chenyuwang/Storage/Developer/Courses/Springboard/Projects/express-jobly/helpers/tokens.js","statementMap":{"0":{"start":{"line":1,"column":12},"end":{"line":1,"column":35}},"1":{"start":{"line":2,"column":23},"end":{"line":2,"column":43}},"2":{"start":{"line":7,"column":2},"end":{"line":8,"column":58}},"3":{"start":{"line":10,"column":16},"end":{"line":13,"column":3}},"4":{"start":{"line":15,"column":2},"end":{"line":15,"column":39}},"5":{"start":{"line":18,"column":0},"end":{"line":18,"column":33}}},"fnMap":{"0":{"name":"createToken","decl":{"start":{"line":6,"column":9},"end":{"line":6,"column":20}},"loc":{"start":{"line":6,"column":27},"end":{"line":16,"column":1}},"line":6}},"branchMap":{"0":{"loc":{"start":{"line":12,"column":13},"end":{"line":12,"column":34}},"type":"binary-expr","locations":[{"start":{"line":12,"column":13},"end":{"line":12,"column":25}},{"start":{"line":12,"column":29},"end":{"line":12,"column":34}}],"line":12}},"s":{"0":6,"1":6,"2":19,"3":19,"4":19,"5":6},"f":{"0":19},"b":{"0":[19,13]},"_coverageSchema":"1a1c01bbd47fc00a2c39e90264f33305004495a9","hash":"83f4f7433cd5a79568b8039426c1fb06c2a4ca2e"}
,"/Users/chenyuwang/Storage/Developer/Courses/Springboard/Projects/express-jobly/middleware/auth.js": {"path":"/Users/chenyuwang/Storage/Developer/Courses/Springboard/Projects/express-jobly/middleware/auth.js","statementMap":{"0":{"start":{"line":5,"column":12},"end":{"line":5,"column":35}},"1":{"start":{"line":6,"column":23},"end":{"line":6,"column":43}},"2":{"start":{"line":7,"column":30},"end":{"line":7,"column":56}},"3":{"start":{"line":18,"column":2},"end":{"line":28,"column":3}},"4":{"start":{"line":19,"column":23},"end":{"line":19,"column":63}},"5":{"start":{"line":20,"column":4},"end":{"line":23,"column":5}},"6":{"start":{"line":21,"column":20},"end":{"line":21,"column":64}},"7":{"start":{"line":22,"column":6},"end":{"line":22,"column":54}},"8":{"start":{"line":25,"column":4},"end":{"line":25,"column":18}},"9":{"start":{"line":27,"column":4},"end":{"line":27,"column":18}},"10":{"start":{"line":37,"column":2},"end":{"line":42,"column":3}},"11":{"start":{"line":38,"column":4},"end":{"line":38,"column":56}},"12":{"start":{"line":38,"column":26},"end":{"line":38,"column":56}},"13":{"start":{"line":39,"column":4},"end":{"line":39,"column":18}},"14":{"start":{"line":41,"column":4},"end":{"line":41,"column":21}},"15":{"start":{"line":51,"column":2},"end":{"line":57,"column":3}},"16":{"start":{"line":52,"column":4},"end":{"line":53,"column":36}},"17":{"start":{"line":53,"column":6},"end":{"line":53,"column":36}},"18":{"start":{"line":54,"column":4},"end":{"line":54,"column":18}},"19":{"start":{"line":56,"column":4},"end":{"line":56,"column":21}},"20":{"start":{"line":66,"column":2},"end":{"line":77,"column":3}},"21":{"start":{"line":67,"column":4},"end":{"line":72,"column":36}},"22":{"start":{"line":72,"column":6},"end":{"line":72,"column":36}},"23":{"start":{"line":74,"column":4},"end":{"line":74,"column":18}},"24":{"start":{"line":76,"column":4},"end":{"line":76,"column":21}},"25":{"start":{"line":80,"column":0},"end":{"line":85,"column":2}}},"fnMap":{"0":{"name":"authenticateJWT","decl":{"start":{"line":17,"column":9},"end":{"line":17,"column":24}},"loc":{"start":{"line":17,"column":41},"end":{"line":29,"column":1}},"line":17},"1":{"name":"ensureLoggedIn","decl":{"start":{"line":36,"column":9},"end":{"line":36,"column":23}},"loc":{"start":{"line":36,"column":40},"end":{"line":43,"column":1}},"line":36},"2":{"name":"ensureAdmin","decl":{"start":{"line":50,"column":9},"end":{"line":50,"column":20}},"loc":{"start":{"line":50,"column":37},"end":{"line":58,"column":1}},"line":50},"3":{"name":"ensureCorrectUser","decl":{"start":{"line":65,"column":9},"end":{"line":65,"column":26}},"loc":{"start":{"line":65,"column":43},"end":{"line":78,"column":1}},"line":65}},"branchMap":{"0":{"loc":{"start":{"line":19,"column":23},"end":{"line":19,"column":63}},"type":"binary-expr","locations":[{"start":{"line":19,"column":23},"end":{"line":19,"column":34}},{"start":{"line":19,"column":38},"end":{"line":19,"column":63}}],"line":19},"1":{"loc":{"start":{"line":20,"column":4},"end":{"line":23,"column":5}},"type":"if","locations":[{"start":{"line":20,"column":4},"end":{"line":23,"column":5}},{"start":{},"end":{}}],"line":20},"2":{"loc":{"start":{"line":38,"column":4},"end":{"line":38,"column":56}},"type":"if","locations":[{"start":{"line":38,"column":4},"end":{"line":38,"column":56}},{"start":{},"end":{}}],"line":38},"3":{"loc":{"start":{"line":52,"column":4},"end":{"line":53,"column":36}},"type":"if","locations":[{"start":{"line":52,"column":4},"end":{"line":53,"column":36}},{"start":{},"end":{}}],"line":52},"4":{"loc":{"start":{"line":52,"column":8},"end":{"line":52,"column":52}},"type":"binary-expr","locations":[{"start":{"line":52,"column":8},"end":{"line":52,"column":24}},{"start":{"line":52,"column":28},"end":{"line":52,"column":52}}],"line":52},"5":{"loc":{"start":{"line":67,"column":4},"end":{"line":72,"column":36}},"type":"if","locations":[{"start":{"line":67,"column":4},"end":{"line":72,"column":36}},{"start":{},"end":{}}],"line":67},"6":{"loc":{"start":{"line":68,"column":6},"end":{"line":70,"column":57}},"type":"binary-expr","locations":[{"start":{"line":68,"column":6},"end":{"line":68,"column":22}},{"start":{"line":69,"column":7},"end":{"line":69,"column":31}},{"start":{"line":70,"column":8},"end":{"line":70,"column":56}}],"line":68}},"s":{"0":6,"1":6,"2":6,"3":86,"4":86,"5":86,"6":54,"7":54,"8":84,"9":2,"10":2,"11":2,"12":1,"13":1,"14":1,"15":38,"16":38,"17":13,"18":25,"19":13,"20":21,"21":21,"22":7,"23":14,"24":7,"25":6},"f":{"0":86,"1":2,"2":38,"3":21},"b":{"0":[86,85],"1":[54,32],"2":[1,1],"3":[13,25],"4":[38,31],"5":[7,14],"6":[21,17,9]},"_coverageSchema":"1a1c01bbd47fc00a2c39e90264f33305004495a9","hash":"889405ed496e0575f5add8105b11f15ff75a250e"}
,"/Users/chenyuwang/Storage/Developer/Courses/Springboard/Projects/express-jobly/models/_testCommon.js": {"path":"/Users/chenyuwang/Storage/Developer/Courses/Springboard/Projects/express-jobly/models/_testCommon.js","statementMap":{"0":{"start":{"line":1,"column":15},"end":{"line":1,"column":32}},"1":{"start":{"line":3,"column":11},"end":{"line":3,"column":30}},"2":{"start":{"line":4,"column":31},"end":{"line":4,"column":51}},"3":{"start":{"line":8,"column":2},"end":{"line":8,"column":42}},"4":{"start":{"line":10,"column":2},"end":{"line":10,"column":38}},"5":{"start":{"line":12,"column":2},"end":{"line":12,"column":62}},"6":{"start":{"line":14,"column":2},"end":{"line":14,"column":45}},"7":{"start":{"line":16,"column":2},"end":{"line":20,"column":55}},"8":{"start":{"line":22,"column":2},"end":{"line":26,"column":36}},"9":{"start":{"line":28,"column":2},"end":{"line":42,"column":4}},"10":{"start":{"line":44,"column":2},"end":{"line":49,"column":4}},"11":{"start":{"line":53,"column":2},"end":{"line":53,"column":26}},"12":{"start":{"line":57,"column":2},"end":{"line":57,"column":29}},"13":{"start":{"line":61,"column":2},"end":{"line":61,"column":17}},"14":{"start":{"line":64,"column":0},"end":{"line":69,"column":2}}},"fnMap":{"0":{"name":"commonBeforeAll","decl":{"start":{"line":6,"column":15},"end":{"line":6,"column":30}},"loc":{"start":{"line":6,"column":33},"end":{"line":50,"column":1}},"line":6},"1":{"name":"commonBeforeEach","decl":{"start":{"line":52,"column":15},"end":{"line":52,"column":31}},"loc":{"start":{"line":52,"column":34},"end":{"line":54,"column":1}},"line":52},"2":{"name":"commonAfterEach","decl":{"start":{"line":56,"column":15},"end":{"line":56,"column":30}},"loc":{"start":{"line":56,"column":33},"end":{"line":58,"column":1}},"line":56},"3":{"name":"commonAfterAll","decl":{"start":{"line":60,"column":15},"end":{"line":60,"column":29}},"loc":{"start":{"line":60,"column":32},"end":{"line":62,"column":1}},"line":60}},"branchMap":{},"s":{"0":3,"1":3,"2":3,"3":3,"4":3,"5":3,"6":3,"7":3,"8":3,"9":3,"10":3,"11":44,"12":44,"13":3,"14":3},"f":{"0":3,"1":44,"2":44,"3":3},"b":{},"_coverageSchema":"1a1c01bbd47fc00a2c39e90264f33305004495a9","hash":"03311886501ab728e0a4566c02e34de15d59a3e5"}
,"/Users/chenyuwang/Storage/Developer/Courses/Springboard/Projects/express-jobly/models/company.js": {"path":"/Users/chenyuwang/Storage/Developer/Courses/Springboard/Projects/express-jobly/models/company.js","statementMap":{"0":{"start":{"line":3,"column":11},"end":{"line":3,"column":27}},"1":{"start":{"line":4,"column":43},"end":{"line":4,"column":69}},"2":{"start":{"line":5,"column":32},"end":{"line":5,"column":57}},"3":{"start":{"line":20,"column":27},"end":{"line":25,"column":5}},"4":{"start":{"line":27,"column":4},"end":{"line":28,"column":64}},"5":{"start":{"line":28,"column":6},"end":{"line":28,"column":64}},"6":{"start":{"line":30,"column":19},"end":{"line":36,"column":5}},"7":{"start":{"line":37,"column":20},"end":{"line":37,"column":34}},"8":{"start":{"line":39,"column":4},"end":{"line":39,"column":19}},"9":{"start":{"line":85,"column":21},"end":{"line":85,"column":23}},"10":{"start":{"line":86,"column":20},"end":{"line":86,"column":22}},"11":{"start":{"line":88,"column":4},"end":{"line":90,"column":5}},"12":{"start":{"line":89,"column":6},"end":{"line":89,"column":70}},"13":{"start":{"line":92,"column":4},"end":{"line":95,"column":5}},"14":{"start":{"line":93,"column":6},"end":{"line":93,"column":41}},"15":{"start":{"line":94,"column":6},"end":{"line":94,"column":57}},"16":{"start":{"line":97,"column":4},"end":{"line":100,"column":5}},"17":{"start":{"line":98,"column":6},"end":{"line":98,"column":44}},"18":{"start":{"line":99,"column":6},"end":{"line":99,"column":63}},"19":{"start":{"line":102,"column":4},"end":{"line":105,"column":5}},"20":{"start":{"line":103,"column":6},"end":{"line":103,"column":44}},"21":{"start":{"line":104,"column":6},"end":{"line":104,"column":63}},"22":{"start":{"line":107,"column":21},"end":{"line":112,"column":26}},"23":{"start":{"line":114,"column":4},"end":{"line":116,"column":5}},"24":{"start":{"line":115,"column":6},"end":{"line":115,"column":69}},"25":{"start":{"line":118,"column":4},"end":{"line":118,"column":35}},"26":{"start":{"line":119,"column":4},"end":{"line":119,"column":28}},"27":{"start":{"line":120,"column":4},"end":{"line":120,"column":27}},"28":{"start":{"line":122,"column":18},"end":{"line":122,"column":55}},"29":{"start":{"line":123,"column":4},"end":{"line":123,"column":24}},"30":{"start":{"line":135,"column":23},"end":{"line":144,"column":5}},"31":{"start":{"line":146,"column":20},"end":{"line":146,"column":38}},"32":{"start":{"line":148,"column":4},"end":{"line":148,"column":67}},"33":{"start":{"line":148,"column":18},"end":{"line":148,"column":67}},"34":{"start":{"line":150,"column":23},"end":{"line":153,"column":5}},"35":{"start":{"line":155,"column":17},"end":{"line":155,"column":32}},"36":{"start":{"line":156,"column":4},"end":{"line":156,"column":24}},"37":{"start":{"line":158,"column":4},"end":{"line":158,"column":19}},"38":{"start":{"line":174,"column":32},"end":{"line":177,"column":6}},"39":{"start":{"line":178,"column":25},"end":{"line":178,"column":50}},"40":{"start":{"line":180,"column":21},"end":{"line":187,"column":54}},"41":{"start":{"line":188,"column":19},"end":{"line":188,"column":64}},"42":{"start":{"line":189,"column":20},"end":{"line":189,"column":34}},"43":{"start":{"line":191,"column":4},"end":{"line":191,"column":67}},"44":{"start":{"line":191,"column":18},"end":{"line":191,"column":67}},"45":{"start":{"line":193,"column":4},"end":{"line":193,"column":19}},"46":{"start":{"line":202,"column":19},"end":{"line":208,"column":5}},"47":{"start":{"line":209,"column":20},"end":{"line":209,"column":34}},"48":{"start":{"line":211,"column":4},"end":{"line":211,"column":67}},"49":{"start":{"line":211,"column":18},"end":{"line":211,"column":67}},"50":{"start":{"line":215,"column":0},"end":{"line":215,"column":25}}},"fnMap":{"0":{"name":"(anonymous_0)","decl":{"start":{"line":19,"column":2},"end":{"line":19,"column":3}},"loc":{"start":{"line":19,"column":76},"end":{"line":40,"column":3}},"line":19},"1":{"name":"(anonymous_1)","decl":{"start":{"line":47,"column":2},"end":{"line":47,"column":3}},"loc":{"start":{"line":47,"column":36},"end":{"line":124,"column":3}},"line":47},"2":{"name":"(anonymous_2)","decl":{"start":{"line":134,"column":2},"end":{"line":134,"column":3}},"loc":{"start":{"line":134,"column":27},"end":{"line":159,"column":3}},"line":134},"3":{"name":"(anonymous_3)","decl":{"start":{"line":173,"column":2},"end":{"line":173,"column":3}},"loc":{"start":{"line":173,"column":36},"end":{"line":194,"column":3}},"line":173},"4":{"name":"(anonymous_4)","decl":{"start":{"line":201,"column":2},"end":{"line":201,"column":3}},"loc":{"start":{"line":201,"column":30},"end":{"line":212,"column":3}},"line":201}},"branchMap":{"0":{"loc":{"start":{"line":27,"column":4},"end":{"line":28,"column":64}},"type":"if","locations":[{"start":{"line":27,"column":4},"end":{"line":28,"column":64}},{"start":{},"end":{}}],"line":27},"1":{"loc":{"start":{"line":47,"column":23},"end":{"line":47,"column":34}},"type":"default-arg","locations":[{"start":{"line":47,"column":32},"end":{"line":47,"column":34}}],"line":47},"2":{"loc":{"start":{"line":88,"column":4},"end":{"line":90,"column":5}},"type":"if","locations":[{"start":{"line":88,"column":4},"end":{"line":90,"column":5}},{"start":{},"end":{}}],"line":88},"3":{"loc":{"start":{"line":92,"column":4},"end":{"line":95,"column":5}},"type":"if","locations":[{"start":{"line":92,"column":4},"end":{"line":95,"column":5}},{"start":{},"end":{}}],"line":92},"4":{"loc":{"start":{"line":97,"column":4},"end":{"line":100,"column":5}},"type":"if","locations":[{"start":{"line":97,"column":4},"end":{"line":100,"column":5}},{"start":{},"end":{}}],"line":97},"5":{"loc":{"start":{"line":102,"column":4},"end":{"line":105,"column":5}},"type":"if","locations":[{"start":{"line":102,"column":4},"end":{"line":105,"column":5}},{"start":{},"end":{}}],"line":102},"6":{"loc":{"start":{"line":114,"column":4},"end":{"line":116,"column":5}},"type":"if","locations":[{"start":{"line":114,"column":4},"end":{"line":116,"column":5}},{"start":{},"end":{}}],"line":114},"7":{"loc":{"start":{"line":148,"column":4},"end":{"line":148,"column":67}},"type":"if","locations":[{"start":{"line":148,"column":4},"end":{"line":148,"column":67}},{"start":{},"end":{}}],"line":148},"8":{"loc":{"start":{"line":191,"column":4},"end":{"line":191,"column":67}},"type":"if","locations":[{"start":{"line":191,"column":4},"end":{"line":191,"column":67}},{"start":{},"end":{}}],"line":191},"9":{"loc":{"start":{"line":211,"column":4},"end":{"line":211,"column":67}},"type":"if","locations":[{"start":{"line":211,"column":4},"end":{"line":211,"column":67}},{"start":{},"end":{}}],"line":211}},"s":{"0":6,"1":6,"2":6,"3":16,"4":16,"5":1,"6":15,"7":15,"8":15,"9":7,"10":7,"11":7,"12":1,"13":6,"14":2,"15":2,"16":6,"17":2,"18":2,"19":6,"20":2,"21":2,"22":6,"23":6,"24":3,"25":6,"26":6,"27":6,"28":6,"29":5,"30":5,"31":5,"32":5,"33":2,"34":3,"35":3,"36":3,"37":3,"38":6,"39":5,"40":5,"41":5,"42":5,"43":5,"44":2,"45":3,"46":4,"47":4,"48":4,"49":2,"50":6},"f":{"0":16,"1":7,"2":5,"3":6,"4":4},"b":{"0":[1,15],"1":[1],"2":[1,6],"3":[2,4],"4":[2,4],"5":[2,4],"6":[3,3],"7":[2,3],"8":[2,3],"9":[2,2]},"_coverageSchema":"1a1c01bbd47fc00a2c39e90264f33305004495a9","hash":"68a9ea917e725e5f7fbc76a8d72f1137d321f9ab"}
,"/Users/chenyuwang/Storage/Developer/Courses/Springboard/Projects/express-jobly/models/job.js": {"path":"/Users/chenyuwang/Storage/Developer/Courses/Springboard/Projects/express-jobly/models/job.js","statementMap":{"0":{"start":{"line":3,"column":11},"end":{"line":3,"column":27}},"1":{"start":{"line":4,"column":43},"end":{"line":4,"column":69}},"2":{"start":{"line":5,"column":32},"end":{"line":5,"column":57}},"3":{"start":{"line":20,"column":26},"end":{"line":23,"column":5}},"4":{"start":{"line":25,"column":4},"end":{"line":26,"column":69}},"5":{"start":{"line":26,"column":6},"end":{"line":26,"column":69}},"6":{"start":{"line":29,"column":22},"end":{"line":33,"column":5}},"7":{"start":{"line":35,"column":16},"end":{"line":35,"column":33}},"8":{"start":{"line":36,"column":4},"end":{"line":36,"column":15}},"9":{"start":{"line":44,"column":21},"end":{"line":44,"column":23}},"10":{"start":{"line":45,"column":20},"end":{"line":45,"column":22}},"11":{"start":{"line":47,"column":4},"end":{"line":50,"column":5}},"12":{"start":{"line":48,"column":6},"end":{"line":48,"column":42}},"13":{"start":{"line":49,"column":6},"end":{"line":49,"column":58}},"14":{"start":{"line":52,"column":4},"end":{"line":55,"column":5}},"15":{"start":{"line":53,"column":6},"end":{"line":53,"column":39}},"16":{"start":{"line":54,"column":6},"end":{"line":54,"column":56}},"17":{"start":{"line":57,"column":4},"end":{"line":60,"column":5}},"18":{"start":{"line":58,"column":6},"end":{"line":58,"column":24}},"19":{"start":{"line":59,"column":6},"end":{"line":59,"column":56}},"20":{"start":{"line":62,"column":21},"end":{"line":62,"column":99}},"21":{"start":{"line":64,"column":4},"end":{"line":66,"column":5}},"22":{"start":{"line":65,"column":6},"end":{"line":65,"column":69}},"23":{"start":{"line":68,"column":4},"end":{"line":68,"column":36}},"24":{"start":{"line":70,"column":20},"end":{"line":70,"column":57}},"25":{"start":{"line":71,"column":4},"end":{"line":71,"column":24}},"26":{"start":{"line":83,"column":19},"end":{"line":88,"column":5}},"27":{"start":{"line":90,"column":14},"end":{"line":90,"column":28}},"28":{"start":{"line":92,"column":4},"end":{"line":92,"column":53}},"29":{"start":{"line":92,"column":14},"end":{"line":92,"column":53}},"30":{"start":{"line":94,"column":26},"end":{"line":97,"column":5}},"31":{"start":{"line":99,"column":20},"end":{"line":99,"column":41}},"32":{"start":{"line":101,"column":4},"end":{"line":101,"column":26}},"33":{"start":{"line":102,"column":4},"end":{"line":102,"column":30}},"34":{"start":{"line":103,"column":4},"end":{"line":103,"column":15}},"35":{"start":{"line":120,"column":19},"end":{"line":120,"column":44}},"36":{"start":{"line":121,"column":19},"end":{"line":126,"column":5}},"37":{"start":{"line":128,"column":16},"end":{"line":128,"column":30}},"38":{"start":{"line":130,"column":4},"end":{"line":130,"column":53}},"39":{"start":{"line":130,"column":14},"end":{"line":130,"column":53}},"40":{"start":{"line":132,"column":4},"end":{"line":132,"column":15}},"41":{"start":{"line":140,"column":19},"end":{"line":143,"column":5}},"42":{"start":{"line":145,"column":16},"end":{"line":145,"column":30}},"43":{"start":{"line":147,"column":4},"end":{"line":147,"column":53}},"44":{"start":{"line":147,"column":14},"end":{"line":147,"column":53}},"45":{"start":{"line":149,"column":4},"end":{"line":149,"column":15}},"46":{"start":{"line":153,"column":0},"end":{"line":153,"column":21}}},"fnMap":{"0":{"name":"(anonymous_0)","decl":{"start":{"line":18,"column":2},"end":{"line":18,"column":3}},"loc":{"start":{"line":18,"column":65},"end":{"line":37,"column":3}},"line":18},"1":{"name":"(anonymous_1)","decl":{"start":{"line":43,"column":2},"end":{"line":43,"column":3}},"loc":{"start":{"line":43,"column":36},"end":{"line":72,"column":3}},"line":43},"2":{"name":"(anonymous_2)","decl":{"start":{"line":82,"column":2},"end":{"line":82,"column":3}},"loc":{"start":{"line":82,"column":23},"end":{"line":104,"column":3}},"line":82},"3":{"name":"(anonymous_3)","decl":{"start":{"line":119,"column":2},"end":{"line":119,"column":3}},"loc":{"start":{"line":119,"column":32},"end":{"line":133,"column":3}},"line":119},"4":{"name":"(anonymous_4)","decl":{"start":{"line":139,"column":2},"end":{"line":139,"column":3}},"loc":{"start":{"line":139,"column":26},"end":{"line":150,"column":3}},"line":139}},"branchMap":{"0":{"loc":{"start":{"line":25,"column":4},"end":{"line":26,"column":69}},"type":"if","locations":[{"start":{"line":25,"column":4},"end":{"line":26,"column":69}},{"start":{},"end":{}}],"line":25},"1":{"loc":{"start":{"line":43,"column":23},"end":{"line":43,"column":34}},"type":"default-arg","locations":[{"start":{"line":43,"column":32},"end":{"line":43,"column":34}}],"line":43},"2":{"loc":{"start":{"line":47,"column":4},"end":{"line":50,"column":5}},"type":"if","locations":[{"start":{"line":47,"column":4},"end":{"line":50,"column":5}},{"start":{},"end":{}}],"line":47},"3":{"loc":{"start":{"line":52,"column":4},"end":{"line":55,"column":5}},"type":"if","locations":[{"start":{"line":52,"column":4},"end":{"line":55,"column":5}},{"start":{},"end":{}}],"line":52},"4":{"loc":{"start":{"line":57,"column":4},"end":{"line":60,"column":5}},"type":"if","locations":[{"start":{"line":57,"column":4},"end":{"line":60,"column":5}},{"start":{},"end":{}}],"line":57},"5":{"loc":{"start":{"line":64,"column":4},"end":{"line":66,"column":5}},"type":"if","locations":[{"start":{"line":64,"column":4},"end":{"line":66,"column":5}},{"start":{},"end":{}}],"line":64},"6":{"loc":{"start":{"line":92,"column":4},"end":{"line":92,"column":53}},"type":"if","locations":[{"start":{"line":92,"column":4},"end":{"line":92,"column":53}},{"start":{},"end":{}}],"line":92},"7":{"loc":{"start":{"line":130,"column":4},"end":{"line":130,"column":53}},"type":"if","locations":[{"start":{"line":130,"column":4},"end":{"line":130,"column":53}},{"start":{},"end":{}}],"line":130},"8":{"loc":{"start":{"line":147,"column":4},"end":{"line":147,"column":53}},"type":"if","locations":[{"start":{"line":147,"column":4},"end":{"line":147,"column":53}},{"start":{},"end":{}}],"line":147}},"s":{"0":6,"1":6,"2":6,"3":15,"4":15,"5":1,"6":14,"7":14,"8":14,"9":7,"10":7,"11":7,"12":3,"13":3,"14":7,"15":2,"16":2,"17":7,"18":2,"19":2,"20":7,"21":7,"22":3,"23":7,"24":7,"25":6,"26":7,"27":6,"28":6,"29":3,"30":3,"31":3,"32":3,"33":3,"34":3,"35":7,"36":6,"37":6,"38":6,"39":2,"40":4,"41":4,"42":4,"43":4,"44":2,"45":2,"46":6},"f":{"0":15,"1":7,"2":7,"3":7,"4":4},"b":{"0":[1,14],"1":[1],"2":[3,4],"3":[2,5],"4":[2,5],"5":[3,4],"6":[3,3],"7":[2,4],"8":[2,2]},"_coverageSchema":"1a1c01bbd47fc00a2c39e90264f33305004495a9","hash":"551fa24df9b37691c90d2c15f2eef399fb102489"}
,"/Users/chenyuwang/Storage/Developer/Courses/Springboard/Projects/express-jobly/models/user.js": {"path":"/Users/chenyuwang/Storage/Developer/Courses/Springboard/Projects/express-jobly/models/user.js","statementMap":{"0":{"start":{"line":3,"column":11},"end":{"line":3,"column":27}},"1":{"start":{"line":4,"column":15},"end":{"line":4,"column":32}},"2":{"start":{"line":5,"column":32},"end":{"line":5,"column":57}},"3":{"start":{"line":10,"column":4},"end":{"line":10,"column":30}},"4":{"start":{"line":12,"column":31},"end":{"line":12,"column":54}},"5":{"start":{"line":26,"column":19},"end":{"line":36,"column":5}},"6":{"start":{"line":38,"column":17},"end":{"line":38,"column":31}},"7":{"start":{"line":40,"column":4},"end":{"line":48,"column":5}},"8":{"start":{"line":42,"column":22},"end":{"line":42,"column":67}},"9":{"start":{"line":43,"column":6},"end":{"line":47,"column":7}},"10":{"start":{"line":45,"column":8},"end":{"line":45,"column":29}},"11":{"start":{"line":46,"column":8},"end":{"line":46,"column":20}},"12":{"start":{"line":50,"column":4},"end":{"line":50,"column":61}},"13":{"start":{"line":68,"column":27},"end":{"line":73,"column":5}},"14":{"start":{"line":75,"column":4},"end":{"line":77,"column":5}},"15":{"start":{"line":76,"column":6},"end":{"line":76,"column":67}},"16":{"start":{"line":79,"column":27},"end":{"line":79,"column":74}},"17":{"start":{"line":81,"column":19},"end":{"line":92,"column":5}},"18":{"start":{"line":94,"column":17},"end":{"line":94,"column":31}},"19":{"start":{"line":96,"column":4},"end":{"line":96,"column":16}},"20":{"start":{"line":105,"column":19},"end":{"line":113,"column":5}},"21":{"start":{"line":115,"column":4},"end":{"line":115,"column":23}},"22":{"start":{"line":127,"column":20},"end":{"line":136,"column":5}},"23":{"start":{"line":138,"column":17},"end":{"line":138,"column":32}},"24":{"start":{"line":140,"column":4},"end":{"line":140,"column":63}},"25":{"start":{"line":140,"column":15},"end":{"line":140,"column":63}},"26":{"start":{"line":142,"column":27},"end":{"line":145,"column":5}},"27":{"start":{"line":147,"column":25},"end":{"line":147,"column":68}},"28":{"start":{"line":147,"column":58},"end":{"line":147,"column":67}},"29":{"start":{"line":149,"column":4},"end":{"line":149,"column":29}},"30":{"start":{"line":151,"column":4},"end":{"line":151,"column":16}},"31":{"start":{"line":172,"column":4},"end":{"line":174,"column":5}},"32":{"start":{"line":173,"column":6},"end":{"line":173,"column":75}},"33":{"start":{"line":176,"column":32},"end":{"line":180,"column":6}},"34":{"start":{"line":181,"column":27},"end":{"line":181,"column":52}},"35":{"start":{"line":183,"column":21},"end":{"line":190,"column":54}},"36":{"start":{"line":191,"column":19},"end":{"line":191,"column":66}},"37":{"start":{"line":192,"column":17},"end":{"line":192,"column":31}},"38":{"start":{"line":194,"column":4},"end":{"line":194,"column":63}},"39":{"start":{"line":194,"column":15},"end":{"line":194,"column":63}},"40":{"start":{"line":196,"column":4},"end":{"line":196,"column":25}},"41":{"start":{"line":197,"column":4},"end":{"line":197,"column":16}},"42":{"start":{"line":203,"column":17},"end":{"line":209,"column":5}},"43":{"start":{"line":210,"column":17},"end":{"line":210,"column":31}},"44":{"start":{"line":212,"column":4},"end":{"line":212,"column":63}},"45":{"start":{"line":212,"column":15},"end":{"line":212,"column":63}},"46":{"start":{"line":220,"column":19},"end":{"line":223,"column":5}},"47":{"start":{"line":225,"column":24},"end":{"line":225,"column":38}},"48":{"start":{"line":227,"column":4},"end":{"line":227,"column":23}},"49":{"start":{"line":231,"column":0},"end":{"line":231,"column":22}}},"fnMap":{"0":{"name":"(anonymous_0)","decl":{"start":{"line":24,"column":2},"end":{"line":24,"column":3}},"loc":{"start":{"line":24,"column":48},"end":{"line":51,"column":3}},"line":24},"1":{"name":"(anonymous_1)","decl":{"start":{"line":60,"column":2},"end":{"line":60,"column":3}},"loc":{"start":{"line":67,"column":5},"end":{"line":97,"column":3}},"line":67},"2":{"name":"(anonymous_2)","decl":{"start":{"line":104,"column":2},"end":{"line":104,"column":3}},"loc":{"start":{"line":104,"column":25},"end":{"line":116,"column":3}},"line":104},"3":{"name":"(anonymous_3)","decl":{"start":{"line":126,"column":2},"end":{"line":126,"column":3}},"loc":{"start":{"line":126,"column":29},"end":{"line":152,"column":3}},"line":126},"4":{"name":"(anonymous_4)","decl":{"start":{"line":147,"column":49},"end":{"line":147,"column":50}},"loc":{"start":{"line":147,"column":58},"end":{"line":147,"column":67}},"line":147},"5":{"name":"(anonymous_5)","decl":{"start":{"line":171,"column":2},"end":{"line":171,"column":3}},"loc":{"start":{"line":171,"column":38},"end":{"line":198,"column":3}},"line":171},"6":{"name":"(anonymous_6)","decl":{"start":{"line":202,"column":2},"end":{"line":202,"column":3}},"loc":{"start":{"line":202,"column":32},"end":{"line":213,"column":3}},"line":202},"7":{"name":"(anonymous_7)","decl":{"start":{"line":219,"column":2},"end":{"line":219,"column":3}},"loc":{"start":{"line":219,"column":38},"end":{"line":228,"column":3}},"line":219}},"branchMap":{"0":{"loc":{"start":{"line":40,"column":4},"end":{"line":48,"column":5}},"type":"if","locations":[{"start":{"line":40,"column":4},"end":{"line":48,"column":5}},{"start":{},"end":{}}],"line":40},"1":{"loc":{"start":{"line":43,"column":6},"end":{"line":47,"column":7}},"type":"if","locations":[{"start":{"line":43,"column":6},"end":{"line":47,"column":7}},{"start":{},"end":{}}],"line":43},"2":{"loc":{"start":{"line":75,"column":4},"end":{"line":77,"column":5}},"type":"if","locations":[{"start":{"line":75,"column":4},"end":{"line":77,"column":5}},{"start":{},"end":{}}],"line":75},"3":{"loc":{"start":{"line":140,"column":4},"end":{"line":140,"column":63}},"type":"if","locations":[{"start":{"line":140,"column":4},"end":{"line":140,"column":63}},{"start":{},"end":{}}],"line":140},"4":{"loc":{"start":{"line":172,"column":4},"end":{"line":174,"column":5}},"type":"if","locations":[{"start":{"line":172,"column":4},"end":{"line":174,"column":5}},{"start":{},"end":{}}],"line":172},"5":{"loc":{"start":{"line":194,"column":4},"end":{"line":194,"column":63}},"type":"if","locations":[{"start":{"line":194,"column":4},"end":{"line":194,"column":63}},{"start":{},"end":{}}],"line":194},"6":{"loc":{"start":{"line":212,"column":4},"end":{"line":212,"column":63}},"type":"if","locations":[{"start":{"line":212,"column":4},"end":{"line":212,"column":63}},{"start":{},"end":{}}],"line":212}},"s":{"0":6,"1":6,"2":6,"3":6,"4":6,"5":7,"6":7,"7":7,"8":4,"9":4,"10":3,"11":3,"12":4,"13":23,"14":23,"15":1,"16":22,"17":22,"18":22,"19":22,"20":3,"21":2,"22":5,"23":5,"24":5,"25":2,"26":3,"27":3,"28":6,"29":3,"30":3,"31":8,"32":2,"33":8,"34":7,"35":7,"36":7,"37":7,"38":7,"39":2,"40":5,"41":5,"42":5,"43":5,"44":5,"45":2,"46":25,"47":23,"48":23,"49":6},"f":{"0":7,"1":23,"2":3,"3":5,"4":6,"5":8,"6":5,"7":25},"b":{"0":[4,3],"1":[3,1],"2":[1,22],"3":[2,3],"4":[2,6],"5":[2,5],"6":[2,3]},"_coverageSchema":"1a1c01bbd47fc00a2c39e90264f33305004495a9","hash":"425f511bb724405460ded6904aa24a25f4cbfa51"}
,"/Users/chenyuwang/Storage/Developer/Courses/Springboard/Projects/express-jobly/routes/_testCommon.js": {"path":"/Users/chenyuwang/Storage/Developer/Courses/Springboard/Projects/express-jobly/routes/_testCommon.js","statementMap":{"0":{"start":{"line":3,"column":11},"end":{"line":3,"column":30}},"1":{"start":{"line":4,"column":13},"end":{"line":4,"column":38}},"2":{"start":{"line":5,"column":16},"end":{"line":5,"column":44}},"3":{"start":{"line":6,"column":24},"end":{"line":6,"column":52}},"4":{"start":{"line":7,"column":12},"end":{"line":7,"column":39}},"5":{"start":{"line":11,"column":2},"end":{"line":11,"column":38}},"6":{"start":{"line":13,"column":2},"end":{"line":13,"column":42}},"7":{"start":{"line":15,"column":2},"end":{"line":15,"column":62}},"8":{"start":{"line":17,"column":2},"end":{"line":17,"column":45}},"9":{"start":{"line":19,"column":2},"end":{"line":25,"column":5}},"10":{"start":{"line":26,"column":2},"end":{"line":32,"column":5}},"11":{"start":{"line":33,"column":2},"end":{"line":39,"column":5}},"12":{"start":{"line":41,"column":2},"end":{"line":48,"column":5}},"13":{"start":{"line":49,"column":2},"end":{"line":56,"column":5}},"14":{"start":{"line":57,"column":2},"end":{"line":64,"column":5}},"15":{"start":{"line":65,"column":2},"end":{"line":72,"column":5}},"16":{"start":{"line":73,"column":2},"end":{"line":78,"column":5}},"17":{"start":{"line":79,"column":2},"end":{"line":84,"column":5}},"18":{"start":{"line":85,"column":2},"end":{"line":90,"column":5}},"19":{"start":{"line":91,"column":2},"end":{"line":91,"column":28}},"20":{"start":{"line":92,"column":2},"end":{"line":92,"column":28}},"21":{"start":{"line":93,"column":2},"end":{"line":93,"column":28}},"22":{"start":{"line":94,"column":2},"end":{"line":94,"column":28}},"23":{"start":{"line":95,"column":2},"end":{"line":95,"column":28}},"24":{"start":{"line":99,"column":2},"end":{"line":99,"column":26}},"25":{"start":{"line":103,"column":2},"end":{"line":103,"column":29}},"26":{"start":{"line":107,"column":2},"end":{"line":107,"column":17}},"27":{"start":{"line":110,"column":16},"end":{"line":110,"column":63}},"28":{"start":{"line":111,"column":16},"end":{"line":111,"column":63}},"29":{"start":{"line":112,"column":16},"end":{"line":112,"column":62}},"30":{"start":{"line":114,"column":0},"end":{"line":122,"column":2}}},"fnMap":{"0":{"name":"commonBeforeAll","decl":{"start":{"line":9,"column":15},"end":{"line":9,"column":30}},"loc":{"start":{"line":9,"column":33},"end":{"line":96,"column":1}},"line":9},"1":{"name":"commonBeforeEach","decl":{"start":{"line":98,"column":15},"end":{"line":98,"column":31}},"loc":{"start":{"line":98,"column":34},"end":{"line":100,"column":1}},"line":98},"2":{"name":"commonAfterEach","decl":{"start":{"line":102,"column":15},"end":{"line":102,"column":30}},"loc":{"start":{"line":102,"column":33},"end":{"line":104,"column":1}},"line":102},"3":{"name":"commonAfterAll","decl":{"start":{"line":106,"column":15},"end":{"line":106,"column":29}},"loc":{"start":{"line":106,"column":32},"end":{"line":108,"column":1}},"line":106}},"branchMap":{},"s":{"0":4,"1":4,"2":4,"3":4,"4":4,"5":4,"6":4,"7":4,"8":4,"9":4,"10":4,"11":4,"12":4,"13":4,"14":4,"15":4,"16":4,"17":4,"18":4,"19":4,"20":4,"21":4,"22":4,"23":4,"24":80,"25":80,"26":4,"27":4,"28":4,"29":4,"30":4},"f":{"0":4,"1":80,"2":80,"3":4},"b":{},"_coverageSchema":"1a1c01bbd47fc00a2c39e90264f33305004495a9","hash":"f96499fdf20b3d8b8818c139732310f6ebdd2f82"}
,"/Users/chenyuwang/Storage/Developer/Courses/Springboard/Projects/express-jobly/routes/auth.js": {"path":"/Users/chenyuwang/Storage/Developer/Courses/Springboard/Projects/express-jobly/routes/auth.js","statementMap":{"0":{"start":{"line":5,"column":19},"end":{"line":5,"column":40}},"1":{"start":{"line":7,"column":13},"end":{"line":7,"column":38}},"2":{"start":{"line":8,"column":16},"end":{"line":8,"column":34}},"3":{"start":{"line":9,"column":15},"end":{"line":9,"column":35}},"4":{"start":{"line":10,"column":24},"end":{"line":10,"column":52}},"5":{"start":{"line":11,"column":23},"end":{"line":11,"column":58}},"6":{"start":{"line":12,"column":27},"end":{"line":12,"column":66}},"7":{"start":{"line":13,"column":28},"end":{"line":13,"column":54}},"8":{"start":{"line":22,"column":0},"end":{"line":37,"column":3}},"9":{"start":{"line":23,"column":2},"end":{"line":36,"column":3}},"10":{"start":{"line":24,"column":22},"end":{"line":24,"column":67}},"11":{"start":{"line":25,"column":4},"end":{"line":28,"column":5}},"12":{"start":{"line":26,"column":19},"end":{"line":26,"column":53}},"13":{"start":{"line":26,"column":45},"end":{"line":26,"column":52}},"14":{"start":{"line":27,"column":6},"end":{"line":27,"column":38}},"15":{"start":{"line":30,"column":35},"end":{"line":30,"column":43}},"16":{"start":{"line":31,"column":17},"end":{"line":31,"column":60}},"17":{"start":{"line":32,"column":18},"end":{"line":32,"column":35}},"18":{"start":{"line":33,"column":4},"end":{"line":33,"column":31}},"19":{"start":{"line":35,"column":4},"end":{"line":35,"column":21}},"20":{"start":{"line":49,"column":0},"end":{"line":63,"column":3}},"21":{"start":{"line":50,"column":2},"end":{"line":62,"column":3}},"22":{"start":{"line":51,"column":22},"end":{"line":51,"column":71}},"23":{"start":{"line":52,"column":4},"end":{"line":55,"column":5}},"24":{"start":{"line":53,"column":19},"end":{"line":53,"column":53}},"25":{"start":{"line":53,"column":45},"end":{"line":53,"column":52}},"26":{"start":{"line":54,"column":6},"end":{"line":54,"column":38}},"27":{"start":{"line":57,"column":20},"end":{"line":57,"column":72}},"28":{"start":{"line":58,"column":18},"end":{"line":58,"column":38}},"29":{"start":{"line":59,"column":4},"end":{"line":59,"column":43}},"30":{"start":{"line":61,"column":4},"end":{"line":61,"column":21}},"31":{"start":{"line":66,"column":0},"end":{"line":66,"column":24}}},"fnMap":{"0":{"name":"(anonymous_0)","decl":{"start":{"line":22,"column":22},"end":{"line":22,"column":23}},"loc":{"start":{"line":22,"column":54},"end":{"line":37,"column":1}},"line":22},"1":{"name":"(anonymous_1)","decl":{"start":{"line":26,"column":40},"end":{"line":26,"column":41}},"loc":{"start":{"line":26,"column":45},"end":{"line":26,"column":52}},"line":26},"2":{"name":"(anonymous_2)","decl":{"start":{"line":49,"column":25},"end":{"line":49,"column":26}},"loc":{"start":{"line":49,"column":57},"end":{"line":63,"column":1}},"line":49},"3":{"name":"(anonymous_3)","decl":{"start":{"line":53,"column":40},"end":{"line":53,"column":41}},"loc":{"start":{"line":53,"column":45},"end":{"line":53,"column":52}},"line":53}},"branchMap":{"0":{"loc":{"start":{"line":25,"column":4},"end":{"line":28,"column":5}},"type":"if","locations":[{"start":{"line":25,"column":4},"end":{"line":28,"column":5}},{"start":{},"end":{}}],"line":25},"1":{"loc":{"start":{"line":52,"column":4},"end":{"line":55,"column":5}},"type":"if","locations":[{"start":{"line":52,"column":4},"end":{"line":55,"column":5}},{"start":{},"end":{}}],"line":52}},"s":{"0":5,"1":5,"2":5,"3":5,"4":5,"5":5,"6":5,"7":5,"8":5,"9":5,"10":5,"11":5,"12":2,"13":2,"14":2,"15":3,"16":3,"17":1,"18":1,"19":4,"20":5,"21":3,"22":3,"23":3,"24":2,"25":5,"26":2,"27":1,"28":1,"29":1,"30":2,"31":5},"f":{"0":5,"1":2,"2":3,"3":5},"b":{"0":[2,3],"1":[2,1]},"_coverageSchema":"1a1c01bbd47fc00a2c39e90264f33305004495a9","hash":"cb43bfe5dccabc325d8ecd0dea5fb4a4c64a5933"}
,"/Users/chenyuwang/Storage/Developer/Courses/Springboard/Projects/express-jobly/routes/companies.js": {"path":"/Users/chenyuwang/Storage/Developer/Courses/Springboard/Projects/express-jobly/routes/companies.js","statementMap":{"0":{"start":{"line":5,"column":19},"end":{"line":5,"column":40}},"1":{"start":{"line":6,"column":16},"end":{"line":6,"column":34}},"2":{"start":{"line":8,"column":28},"end":{"line":8,"column":54}},"3":{"start":{"line":9,"column":40},"end":{"line":9,"column":69}},"4":{"start":{"line":10,"column":16},"end":{"line":10,"column":44}},"5":{"start":{"line":12,"column":25},"end":{"line":12,"column":62}},"6":{"start":{"line":13,"column":28},"end":{"line":13,"column":68}},"7":{"start":{"line":15,"column":15},"end":{"line":15,"column":35}},"8":{"start":{"line":26,"column":0},"end":{"line":38,"column":3}},"9":{"start":{"line":27,"column":2},"end":{"line":37,"column":3}},"10":{"start":{"line":28,"column":22},"end":{"line":28,"column":69}},"11":{"start":{"line":29,"column":4},"end":{"line":32,"column":5}},"12":{"start":{"line":30,"column":19},"end":{"line":30,"column":55}},"13":{"start":{"line":30,"column":47},"end":{"line":30,"column":54}},"14":{"start":{"line":31,"column":6},"end":{"line":31,"column":38}},"15":{"start":{"line":33,"column":20},"end":{"line":33,"column":50}},"16":{"start":{"line":34,"column":4},"end":{"line":34,"column":45}},"17":{"start":{"line":36,"column":4},"end":{"line":36,"column":21}},"18":{"start":{"line":51,"column":0},"end":{"line":58,"column":3}},"19":{"start":{"line":52,"column":2},"end":{"line":57,"column":3}},"20":{"start":{"line":53,"column":22},"end":{"line":53,"column":54}},"21":{"start":{"line":54,"column":4},"end":{"line":54,"column":35}},"22":{"start":{"line":56,"column":4},"end":{"line":56,"column":21}},"23":{"start":{"line":68,"column":0},"end":{"line":75,"column":3}},"24":{"start":{"line":69,"column":2},"end":{"line":74,"column":3}},"25":{"start":{"line":70,"column":20},"end":{"line":70,"column":56}},"26":{"start":{"line":71,"column":4},"end":{"line":71,"column":33}},"27":{"start":{"line":73,"column":4},"end":{"line":73,"column":21}},"28":{"start":{"line":88,"column":0},"end":{"line":101,"column":3}},"29":{"start":{"line":89,"column":2},"end":{"line":100,"column":3}},"30":{"start":{"line":90,"column":22},"end":{"line":90,"column":72}},"31":{"start":{"line":91,"column":4},"end":{"line":94,"column":5}},"32":{"start":{"line":92,"column":19},"end":{"line":92,"column":55}},"33":{"start":{"line":92,"column":47},"end":{"line":92,"column":54}},"34":{"start":{"line":93,"column":6},"end":{"line":93,"column":38}},"35":{"start":{"line":96,"column":20},"end":{"line":96,"column":69}},"36":{"start":{"line":97,"column":4},"end":{"line":97,"column":33}},"37":{"start":{"line":99,"column":4},"end":{"line":99,"column":21}},"38":{"start":{"line":108,"column":0},"end":{"line":115,"column":3}},"39":{"start":{"line":109,"column":2},"end":{"line":114,"column":3}},"40":{"start":{"line":110,"column":4},"end":{"line":110,"column":44}},"41":{"start":{"line":111,"column":4},"end":{"line":111,"column":52}},"42":{"start":{"line":113,"column":4},"end":{"line":113,"column":21}},"43":{"start":{"line":117,"column":0},"end":{"line":117,"column":24}}},"fnMap":{"0":{"name":"(anonymous_0)","decl":{"start":{"line":26,"column":30},"end":{"line":26,"column":31}},"loc":{"start":{"line":26,"column":62},"end":{"line":38,"column":1}},"line":26},"1":{"name":"(anonymous_1)","decl":{"start":{"line":30,"column":40},"end":{"line":30,"column":41}},"loc":{"start":{"line":30,"column":47},"end":{"line":30,"column":54}},"line":30},"2":{"name":"(anonymous_2)","decl":{"start":{"line":51,"column":16},"end":{"line":51,"column":17}},"loc":{"start":{"line":51,"column":48},"end":{"line":58,"column":1}},"line":51},"3":{"name":"(anonymous_3)","decl":{"start":{"line":68,"column":23},"end":{"line":68,"column":24}},"loc":{"start":{"line":68,"column":55},"end":{"line":75,"column":1}},"line":68},"4":{"name":"(anonymous_4)","decl":{"start":{"line":88,"column":38},"end":{"line":88,"column":39}},"loc":{"start":{"line":88,"column":70},"end":{"line":101,"column":1}},"line":88},"5":{"name":"(anonymous_5)","decl":{"start":{"line":92,"column":40},"end":{"line":92,"column":41}},"loc":{"start":{"line":92,"column":47},"end":{"line":92,"column":54}},"line":92},"6":{"name":"(anonymous_6)","decl":{"start":{"line":108,"column":39},"end":{"line":108,"column":40}},"loc":{"start":{"line":108,"column":71},"end":{"line":115,"column":1}},"line":108}},"branchMap":{"0":{"loc":{"start":{"line":29,"column":4},"end":{"line":32,"column":5}},"type":"if","locations":[{"start":{"line":29,"column":4},"end":{"line":32,"column":5}},{"start":{},"end":{}}],"line":29},"1":{"loc":{"start":{"line":91,"column":4},"end":{"line":94,"column":5}},"type":"if","locations":[{"start":{"line":91,"column":4},"end":{"line":94,"column":5}},{"start":{},"end":{}}],"line":91}},"s":{"0":5,"1":5,"2":5,"3":5,"4":5,"5":5,"6":5,"7":5,"8":5,"9":3,"10":3,"11":3,"12":2,"13":3,"14":2,"15":1,"16":1,"17":2,"18":5,"19":3,"20":3,"21":2,"22":1,"23":5,"24":3,"25":3,"26":2,"27":1,"28":5,"29":4,"30":4,"31":4,"32":2,"33":2,"34":2,"35":2,"36":1,"37":3,"38":5,"39":2,"40":2,"41":1,"42":1,"43":5},"f":{"0":3,"1":3,"2":3,"3":3,"4":4,"5":2,"6":2},"b":{"0":[2,1],"1":[2,2]},"_coverageSchema":"1a1c01bbd47fc00a2c39e90264f33305004495a9","hash":"20f54f5fe2c2eecde2690ddce2001af31989740c"}
,"/Users/chenyuwang/Storage/Developer/Courses/Springboard/Projects/express-jobly/routes/jobs.js": {"path":"/Users/chenyuwang/Storage/Developer/Courses/Springboard/Projects/express-jobly/routes/jobs.js","statementMap":{"0":{"start":{"line":3,"column":16},"end":{"line":3,"column":34}},"1":{"start":{"line":4,"column":21},"end":{"line":4,"column":42}},"2":{"start":{"line":5,"column":28},"end":{"line":5,"column":54}},"3":{"start":{"line":6,"column":24},"end":{"line":6,"column":53}},"4":{"start":{"line":7,"column":12},"end":{"line":7,"column":36}},"5":{"start":{"line":8,"column":21},"end":{"line":8,"column":54}},"6":{"start":{"line":9,"column":24},"end":{"line":9,"column":60}},"7":{"start":{"line":10,"column":15},"end":{"line":10,"column":35}},"8":{"start":{"line":21,"column":0},"end":{"line":33,"column":3}},"9":{"start":{"line":22,"column":2},"end":{"line":32,"column":3}},"10":{"start":{"line":23,"column":22},"end":{"line":23,"column":54}},"11":{"start":{"line":24,"column":4},"end":{"line":26,"column":5}},"12":{"start":{"line":25,"column":6},"end":{"line":25,"column":74}},"13":{"start":{"line":25,"column":62},"end":{"line":25,"column":71}},"14":{"start":{"line":28,"column":16},"end":{"line":28,"column":42}},"15":{"start":{"line":29,"column":4},"end":{"line":29,"column":41}},"16":{"start":{"line":31,"column":4},"end":{"line":31,"column":19}},"17":{"start":{"line":46,"column":0},"end":{"line":53,"column":3}},"18":{"start":{"line":47,"column":2},"end":{"line":52,"column":3}},"19":{"start":{"line":48,"column":17},"end":{"line":48,"column":45}},"20":{"start":{"line":49,"column":4},"end":{"line":49,"column":30}},"21":{"start":{"line":51,"column":4},"end":{"line":51,"column":19}},"22":{"start":{"line":63,"column":0},"end":{"line":70,"column":3}},"23":{"start":{"line":64,"column":2},"end":{"line":69,"column":3}},"24":{"start":{"line":65,"column":16},"end":{"line":65,"column":44}},"25":{"start":{"line":66,"column":4},"end":{"line":66,"column":29}},"26":{"start":{"line":68,"column":4},"end":{"line":68,"column":19}},"27":{"start":{"line":83,"column":0},"end":{"line":94,"column":3}},"28":{"start":{"line":84,"column":2},"end":{"line":93,"column":3}},"29":{"start":{"line":85,"column":22},"end":{"line":85,"column":57}},"30":{"start":{"line":86,"column":4},"end":{"line":87,"column":74}},"31":{"start":{"line":87,"column":6},"end":{"line":87,"column":74}},"32":{"start":{"line":87,"column":62},"end":{"line":87,"column":71}},"33":{"start":{"line":89,"column":16},"end":{"line":89,"column":57}},"34":{"start":{"line":90,"column":4},"end":{"line":90,"column":29}},"35":{"start":{"line":92,"column":4},"end":{"line":92,"column":19}},"36":{"start":{"line":101,"column":0},"end":{"line":108,"column":3}},"37":{"start":{"line":102,"column":2},"end":{"line":107,"column":3}},"38":{"start":{"line":103,"column":16},"end":{"line":103,"column":47}},"39":{"start":{"line":104,"column":4},"end":{"line":104,"column":38}},"40":{"start":{"line":106,"column":4},"end":{"line":106,"column":19}},"41":{"start":{"line":110,"column":0},"end":{"line":110,"column":24}}},"fnMap":{"0":{"name":"(anonymous_0)","decl":{"start":{"line":21,"column":30},"end":{"line":21,"column":31}},"loc":{"start":{"line":21,"column":56},"end":{"line":33,"column":1}},"line":21},"1":{"name":"(anonymous_1)","decl":{"start":{"line":25,"column":53},"end":{"line":25,"column":54}},"loc":{"start":{"line":25,"column":62},"end":{"line":25,"column":71}},"line":25},"2":{"name":"(anonymous_2)","decl":{"start":{"line":46,"column":16},"end":{"line":46,"column":17}},"loc":{"start":{"line":46,"column":42},"end":{"line":53,"column":1}},"line":46},"3":{"name":"(anonymous_3)","decl":{"start":{"line":63,"column":19},"end":{"line":63,"column":20}},"loc":{"start":{"line":63,"column":45},"end":{"line":70,"column":1}},"line":63},"4":{"name":"(anonymous_4)","decl":{"start":{"line":83,"column":34},"end":{"line":83,"column":35}},"loc":{"start":{"line":83,"column":60},"end":{"line":94,"column":1}},"line":83},"5":{"name":"(anonymous_5)","decl":{"start":{"line":87,"column":53},"end":{"line":87,"column":54}},"loc":{"start":{"line":87,"column":62},"end":{"line":87,"column":71}},"line":87},"6":{"name":"(anonymous_6)","decl":{"start":{"line":101,"column":35},"end":{"line":101,"column":36}},"loc":{"start":{"line":101,"column":61},"end":{"line":108,"column":1}},"line":101}},"branchMap":{"0":{"loc":{"start":{"line":24,"column":4},"end":{"line":26,"column":5}},"type":"if","locations":[{"start":{"line":24,"column":4},"end":{"line":26,"column":5}},{"start":{},"end":{}}],"line":24},"1":{"loc":{"start":{"line":86,"column":4},"end":{"line":87,"column":74}},"type":"if","locations":[{"start":{"line":86,"column":4},"end":{"line":87,"column":74}},{"start":{},"end":{}}],"line":86}},"s":{"0":5,"1":5,"2":5,"3":5,"4":5,"5":5,"6":5,"7":5,"8":5,"9":4,"10":4,"11":4,"12":3,"13":7,"14":1,"15":1,"16":3,"17":5,"18":4,"19":4,"20":3,"21":1,"22":5,"23":4,"24":4,"25":2,"26":2,"27":5,"28":4,"29":4,"30":4,"31":1,"32":1,"33":3,"34":2,"35":2,"36":5,"37":2,"38":2,"39":1,"40":1,"41":5},"f":{"0":4,"1":7,"2":4,"3":4,"4":4,"5":1,"6":2},"b":{"0":[3,1],"1":[1,3]},"_coverageSchema":"1a1c01bbd47fc00a2c39e90264f33305004495a9","hash":"77d781e055395cbc99b2dc90dbf131dc19b4d92c"}
,"/Users/chenyuwang/Storage/Developer/Courses/Springboard/Projects/express-jobly/routes/users.js": {"path":"/Users/chenyuwang/Storage/Developer/Courses/Springboard/Projects/express-jobly/routes/users.js","statementMap":{"0":{"start":{"line":5,"column":19},"end":{"line":5,"column":40}},"1":{"start":{"line":7,"column":16},"end":{"line":7,"column":34}},"2":{"start":{"line":8,"column":43},"end":{"line":8,"column":72}},"3":{"start":{"line":9,"column":28},"end":{"line":9,"column":54}},"4":{"start":{"line":10,"column":13},"end":{"line":10,"column":38}},"5":{"start":{"line":11,"column":24},"end":{"line":11,"column":52}},"6":{"start":{"line":12,"column":22},"end":{"line":12,"column":56}},"7":{"start":{"line":13,"column":25},"end":{"line":13,"column":62}},"8":{"start":{"line":15,"column":15},"end":{"line":15,"column":31}},"9":{"start":{"line":29,"column":0},"end":{"line":43,"column":3}},"10":{"start":{"line":30,"column":2},"end":{"line":42,"column":3}},"11":{"start":{"line":31,"column":22},"end":{"line":31,"column":66}},"12":{"start":{"line":32,"column":4},"end":{"line":35,"column":5}},"13":{"start":{"line":33,"column":19},"end":{"line":33,"column":55}},"14":{"start":{"line":33,"column":47},"end":{"line":33,"column":54}},"15":{"start":{"line":34,"column":6},"end":{"line":34,"column":38}},"16":{"start":{"line":37,"column":17},"end":{"line":37,"column":46}},"17":{"start":{"line":38,"column":18},"end":{"line":38,"column":35}},"18":{"start":{"line":39,"column":4},"end":{"line":39,"column":49}},"19":{"start":{"line":41,"column":4},"end":{"line":41,"column":21}},"20":{"start":{"line":52,"column":0},"end":{"line":59,"column":3}},"21":{"start":{"line":53,"column":2},"end":{"line":58,"column":3}},"22":{"start":{"line":54,"column":18},"end":{"line":54,"column":38}},"23":{"start":{"line":55,"column":4},"end":{"line":55,"column":31}},"24":{"start":{"line":57,"column":4},"end":{"line":57,"column":21}},"25":{"start":{"line":68,"column":0},"end":{"line":75,"column":3}},"26":{"start":{"line":69,"column":2},"end":{"line":74,"column":3}},"27":{"start":{"line":70,"column":17},"end":{"line":70,"column":52}},"28":{"start":{"line":71,"column":4},"end":{"line":71,"column":30}},"29":{"start":{"line":73,"column":4},"end":{"line":73,"column":21}},"30":{"start":{"line":87,"column":0},"end":{"line":100,"column":3}},"31":{"start":{"line":88,"column":2},"end":{"line":99,"column":3}},"32":{"start":{"line":89,"column":22},"end":{"line":89,"column":69}},"33":{"start":{"line":90,"column":4},"end":{"line":93,"column":5}},"34":{"start":{"line":91,"column":19},"end":{"line":91,"column":55}},"35":{"start":{"line":91,"column":47},"end":{"line":91,"column":54}},"36":{"start":{"line":92,"column":6},"end":{"line":92,"column":38}},"37":{"start":{"line":95,"column":17},"end":{"line":95,"column":65}},"38":{"start":{"line":96,"column":4},"end":{"line":96,"column":30}},"39":{"start":{"line":98,"column":4},"end":{"line":98,"column":21}},"40":{"start":{"line":107,"column":0},"end":{"line":114,"column":3}},"41":{"start":{"line":108,"column":2},"end":{"line":113,"column":3}},"42":{"start":{"line":109,"column":4},"end":{"line":109,"column":43}},"43":{"start":{"line":110,"column":4},"end":{"line":110,"column":54}},"44":{"start":{"line":112,"column":4},"end":{"line":112,"column":21}},"45":{"start":{"line":123,"column":0},"end":{"line":135,"column":2}},"46":{"start":{"line":127,"column":4},"end":{"line":133,"column":5}},"47":{"start":{"line":128,"column":31},"end":{"line":128,"column":41}},"48":{"start":{"line":129,"column":18},"end":{"line":129,"column":48}},"49":{"start":{"line":130,"column":6},"end":{"line":130,"column":52}},"50":{"start":{"line":132,"column":6},"end":{"line":132,"column":21}},"51":{"start":{"line":137,"column":0},"end":{"line":137,"column":24}}},"fnMap":{"0":{"name":"(anonymous_0)","decl":{"start":{"line":29,"column":30},"end":{"line":29,"column":31}},"loc":{"start":{"line":29,"column":62},"end":{"line":43,"column":1}},"line":29},"1":{"name":"(anonymous_1)","decl":{"start":{"line":33,"column":40},"end":{"line":33,"column":41}},"loc":{"start":{"line":33,"column":47},"end":{"line":33,"column":54}},"line":33},"2":{"name":"(anonymous_2)","decl":{"start":{"line":52,"column":29},"end":{"line":52,"column":30}},"loc":{"start":{"line":52,"column":61},"end":{"line":59,"column":1}},"line":52},"3":{"name":"(anonymous_3)","decl":{"start":{"line":68,"column":44},"end":{"line":68,"column":45}},"loc":{"start":{"line":68,"column":76},"end":{"line":75,"column":1}},"line":68},"4":{"name":"(anonymous_4)","decl":{"start":{"line":87,"column":46},"end":{"line":87,"column":47}},"loc":{"start":{"line":87,"column":78},"end":{"line":100,"column":1}},"line":87},"5":{"name":"(anonymous_5)","decl":{"start":{"line":91,"column":40},"end":{"line":91,"column":41}},"loc":{"start":{"line":91,"column":47},"end":{"line":91,"column":54}},"line":91},"6":{"name":"(anonymous_6)","decl":{"start":{"line":107,"column":47},"end":{"line":107,"column":48}},"loc":{"start":{"line":107,"column":79},"end":{"line":114,"column":1}},"line":107},"7":{"name":"(anonymous_7)","decl":{"start":{"line":126,"column":2},"end":{"line":126,"column":3}},"loc":{"start":{"line":126,"column":28},"end":{"line":134,"column":3}},"line":126}},"branchMap":{"0":{"loc":{"start":{"line":32,"column":4},"end":{"line":35,"column":5}},"type":"if","locations":[{"start":{"line":32,"column":4},"end":{"line":35,"column":5}},{"start":{},"end":{}}],"line":32},"1":{"loc":{"start":{"line":90,"column":4},"end":{"line":93,"column":5}},"type":"if","locations":[{"start":{"line":90,"column":4},"end":{"line":93,"column":5}},{"start":{},"end":{}}],"line":90}},"s":{"0":5,"1":5,"2":5,"3":5,"4":5,"5":5,"6":5,"7":5,"8":5,"9":5,"10":4,"11":4,"12":4,"13":2,"14":5,"15":2,"16":2,"17":2,"18":2,"19":2,"20":5,"21":2,"22":2,"23":1,"24":1,"25":5,"26":3,"27":3,"28":2,"29":1,"30":5,"31":5,"32":5,"33":5,"34":1,"35":1,"36":1,"37":4,"38":3,"39":2,"40":5,"41":3,"42":3,"43":2,"44":1,"45":5,"46":3,"47":3,"48":3,"49":2,"50":1,"51":5},"f":{"0":4,"1":5,"2":2,"3":3,"4":5,"5":1,"6":3,"7":3},"b":{"0":[2,2],"1":[1,4]},"_coverageSchema":"1a1c01bbd47fc00a2c39e90264f33305004495a9","hash":"df78fc7f897434501078961fe9dbdec970283fd6"}
}
