TN:
SF:app.js
FN:31,(anonymous_0)
FN:36,(anonymous_1)
FNF:2
FNH:2
FNDA:2,(anonymous_0)
FNDA:53,(anonymous_1)
DA:5,5
DA:6,5
DA:8,5
DA:10,5
DA:11,5
DA:12,5
DA:13,5
DA:14,5
DA:16,5
DA:18,5
DA:20,5
DA:21,5
DA:22,5
DA:23,5
DA:25,5
DA:26,5
DA:27,5
DA:28,5
DA:31,5
DA:32,2
DA:36,5
DA:37,53
DA:38,53
DA:39,53
DA:41,53
DA:46,5
LF:26
LH:26
BRDA:37,0,0,1
BRDA:37,0,1,52
BRDA:38,1,0,53
BRDA:38,1,1,5
BRF:4
BRH:4
end_of_record
TN:
SF:config.js
FN:13,getDatabaseUri
FNF:1
FNH:1
FNDA:11,getDatabaseUri
DA:5,11
DA:6,11
DA:8,11
DA:10,11
DA:14,11
DA:22,11
DA:32,11
LF:7
LH:7
BRDA:8,0,0,11
BRDA:8,0,1,10
BRDA:10,1,0,11
BRDA:10,1,1,10
BRDA:14,2,0,9
BRDA:14,2,1,2
BRDA:16,3,0,2
BRDA:16,3,1,1
BRDA:22,4,0,10
BRDA:22,4,1,1
BRF:10
BRH:10
end_of_record
TN:
SF:db.js
FNF:0
FNH:0
DA:3,8
DA:4,8
DA:8,8
DA:9,0
DA:16,8
DA:21,8
DA:23,8
LF:7
LH:6
BRDA:8,0,0,0
BRDA:8,0,1,8
BRF:2
BRH:1
end_of_record
TN:
SF:expressError.js
FN:8,(anonymous_0)
FN:18,(anonymous_1)
FN:26,(anonymous_2)
FN:34,(anonymous_3)
FN:42,(anonymous_4)
FNF:5
FNH:4
FNDA:69,(anonymous_0)
FNDA:22,(anonymous_1)
FNDA:25,(anonymous_2)
FNDA:22,(anonymous_3)
FNDA:0,(anonymous_4)
DA:9,69
DA:10,69
DA:11,69
DA:19,22
DA:27,25
DA:35,22
DA:43,0
DA:47,10
LF:8
LH:7
BRDA:18,0,0,2
BRDA:26,1,0,21
BRDA:34,2,0,0
BRDA:42,3,0,0
BRF:4
BRH:2
end_of_record
TN:
SF:helpers/sql.js
FN:5,sqlForPartialUpdate
FN:12,(anonymous_1)
FNF:2
FNH:2
FNDA:24,sqlForPartialUpdate
FNDA:40,(anonymous_1)
DA:1,9
DA:6,24
DA:8,24
DA:11,20
DA:12,40
DA:15,20
DA:23,9
LF:7
LH:7
BRDA:5,0,0,1
BRDA:5,1,0,9
BRDA:8,2,0,4
BRDA:8,2,1,20
BRDA:12,3,0,40
BRDA:12,3,1,26
BRF:6
BRH:6
end_of_record
TN:
SF:helpers/tokens.js
FN:6,createToken
FNF:1
FNH:1
FNDA:19,createToken
DA:1,6
DA:2,6
DA:7,19
DA:10,19
DA:15,19
DA:18,6
LF:6
LH:6
BRDA:12,0,0,19
BRDA:12,0,1,13
BRF:2
BRH:2
end_of_record
TN:
SF:middleware/auth.js
FN:17,authenticateJWT
FN:36,ensureLoggedIn
FN:50,ensureAdmin
FN:65,ensureCorrectUser
FNF:4
FNH:4
FNDA:86,authenticateJWT
FNDA:2,ensureLoggedIn
FNDA:38,ensureAdmin
FNDA:21,ensureCorrectUser
DA:5,6
DA:6,6
DA:7,6
DA:18,86
DA:19,86
DA:20,86
DA:21,54
DA:22,54
DA:25,84
DA:27,2
DA:37,2
DA:38,2
DA:39,1
DA:41,1
DA:51,38
DA:52,38
DA:53,13
DA:54,25
DA:56,13
DA:66,21
DA:67,21
DA:72,7
DA:74,14
DA:76,7
DA:80,6
LF:25
LH:25
BRDA:19,0,0,86
BRDA:19,0,1,85
BRDA:20,1,0,54
BRDA:20,1,1,32
BRDA:38,2,0,1
BRDA:38,2,1,1
BRDA:52,3,0,13
BRDA:52,3,1,25
BRDA:52,4,0,38
BRDA:52,4,1,31
BRDA:67,5,0,7
BRDA:67,5,1,14
BRDA:68,6,0,21
BRDA:68,6,1,17
BRDA:68,6,2,9
BRF:15
BRH:15
end_of_record
TN:
SF:models/_testCommon.js
FN:6,commonBeforeAll
FN:52,commonBeforeEach
FN:56,commonAfterEach
FN:60,commonAfterAll
FNF:4
FNH:4
FNDA:3,commonBeforeAll
FNDA:44,commonBeforeEach
FNDA:44,commonAfterEach
FNDA:3,commonAfterAll
DA:1,3
DA:3,3
DA:4,3
DA:8,3
DA:10,3
DA:12,3
DA:14,3
DA:16,3
DA:22,3
DA:28,3
DA:44,3
DA:53,44
DA:57,44
DA:61,3
DA:64,3
LF:15
LH:15
BRF:0
BRH:0
end_of_record
TN:
SF:models/company.js
FN:19,(anonymous_0)
FN:47,(anonymous_1)
FN:134,(anonymous_2)
FN:173,(anonymous_3)
FN:201,(anonymous_4)
FNF:5
FNH:5
FNDA:16,(anonymous_0)
FNDA:7,(anonymous_1)
FNDA:5,(anonymous_2)
FNDA:6,(anonymous_3)
FNDA:4,(anonymous_4)
DA:3,6
DA:4,6
DA:5,6
DA:20,16
DA:27,16
DA:28,1
DA:30,15
DA:37,15
DA:39,15
DA:85,7
DA:86,7
DA:88,7
DA:89,1
DA:92,6
DA:93,2
DA:94,2
DA:97,6
DA:98,2
DA:99,2
DA:102,6
DA:103,2
DA:104,2
DA:107,6
DA:114,6
DA:115,3
DA:118,6
DA:119,6
DA:120,6
DA:122,6
DA:123,5
DA:135,5
DA:146,5
DA:148,5
DA:150,3
DA:155,3
DA:156,3
DA:158,3
DA:174,6
DA:178,5
DA:180,5
DA:188,5
DA:189,5
DA:191,5
DA:193,3
DA:202,4
DA:209,4
DA:211,4
DA:215,6
LF:48
LH:48
BRDA:27,0,0,1
BRDA:27,0,1,15
BRDA:47,1,0,1
BRDA:88,2,0,1
BRDA:88,2,1,6
BRDA:92,3,0,2
BRDA:92,3,1,4
BRDA:97,4,0,2
BRDA:97,4,1,4
BRDA:102,5,0,2
BRDA:102,5,1,4
BRDA:114,6,0,3
BRDA:114,6,1,3
BRDA:148,7,0,2
BRDA:148,7,1,3
BRDA:191,8,0,2
BRDA:191,8,1,3
BRDA:211,9,0,2
BRDA:211,9,1,2
BRF:19
BRH:19
end_of_record
TN:
SF:models/job.js
FN:18,(anonymous_0)
FN:43,(anonymous_1)
FN:82,(anonymous_2)
FN:119,(anonymous_3)
FN:139,(anonymous_4)
FNF:5
FNH:5
FNDA:15,(anonymous_0)
FNDA:7,(anonymous_1)
FNDA:7,(anonymous_2)
FNDA:7,(anonymous_3)
FNDA:4,(anonymous_4)
DA:3,6
DA:4,6
DA:5,6
DA:20,15
DA:25,15
DA:26,1
DA:29,14
DA:35,14
DA:36,14
DA:44,7
DA:45,7
DA:47,7
DA:48,3
DA:49,3
DA:52,7
DA:53,2
DA:54,2
DA:57,7
DA:58,2
DA:59,2
DA:62,7
DA:64,7
DA:65,3
DA:68,7
DA:70,7
DA:71,6
DA:83,7
DA:90,6
DA:92,6
DA:94,3
DA:99,3
DA:101,3
DA:102,3
DA:103,3
DA:120,7
DA:121,6
DA:128,6
DA:130,6
DA:132,4
DA:140,4
DA:145,4
DA:147,4
DA:149,2
DA:153,6
LF:44
LH:44
BRDA:25,0,0,1
BRDA:25,0,1,14
BRDA:43,1,0,1
BRDA:47,2,0,3
BRDA:47,2,1,4
BRDA:52,3,0,2
BRDA:52,3,1,5
BRDA:57,4,0,2
BRDA:57,4,1,5
BRDA:64,5,0,3
BRDA:64,5,1,4
BRDA:92,6,0,3
BRDA:92,6,1,3
BRDA:130,7,0,2
BRDA:130,7,1,4
BRDA:147,8,0,2
BRDA:147,8,1,2
BRF:17
BRH:17
end_of_record
TN:
SF:models/user.js
FN:24,(anonymous_0)
FN:60,(anonymous_1)
FN:104,(anonymous_2)
FN:126,(anonymous_3)
FN:147,(anonymous_4)
FN:171,(anonymous_5)
FN:202,(anonymous_6)
FN:219,(anonymous_7)
FNF:8
FNH:8
FNDA:7,(anonymous_0)
FNDA:23,(anonymous_1)
FNDA:3,(anonymous_2)
FNDA:5,(anonymous_3)
FNDA:6,(anonymous_4)
FNDA:8,(anonymous_5)
FNDA:5,(anonymous_6)
FNDA:25,(anonymous_7)
DA:3,6
DA:4,6
DA:5,6
DA:10,6
DA:12,6
DA:26,7
DA:38,7
DA:40,7
DA:42,4
DA:43,4
DA:45,3
DA:46,3
DA:50,4
DA:68,23
DA:75,23
DA:76,1
DA:79,22
DA:81,22
DA:94,22
DA:96,22
DA:105,3
DA:115,2
DA:127,5
DA:138,5
DA:140,5
DA:142,3
DA:147,6
DA:149,3
DA:151,3
DA:172,8
DA:173,2
DA:176,8
DA:181,7
DA:183,7
DA:191,7
DA:192,7
DA:194,7
DA:196,5
DA:197,5
DA:203,5
DA:210,5
DA:212,5
DA:220,25
DA:225,23
DA:227,23
DA:231,6
LF:46
LH:46
BRDA:40,0,0,4
BRDA:40,0,1,3
BRDA:43,1,0,3
BRDA:43,1,1,1
BRDA:75,2,0,1
BRDA:75,2,1,22
BRDA:140,3,0,2
BRDA:140,3,1,3
BRDA:172,4,0,2
BRDA:172,4,1,6
BRDA:194,5,0,2
BRDA:194,5,1,5
BRDA:212,6,0,2
BRDA:212,6,1,3
BRF:14
BRH:14
end_of_record
TN:
SF:routes/_testCommon.js
FN:9,commonBeforeAll
FN:98,commonBeforeEach
FN:102,commonAfterEach
FN:106,commonAfterAll
FNF:4
FNH:4
FNDA:4,commonBeforeAll
FNDA:80,commonBeforeEach
FNDA:80,commonAfterEach
FNDA:4,commonAfterAll
DA:3,4
DA:4,4
DA:5,4
DA:6,4
DA:7,4
DA:11,4
DA:13,4
DA:15,4
DA:17,4
DA:19,4
DA:26,4
DA:33,4
DA:41,4
DA:49,4
DA:57,4
DA:65,4
DA:73,4
DA:79,4
DA:85,4
DA:91,4
DA:92,4
DA:93,4
DA:94,4
DA:95,4
DA:99,80
DA:103,80
DA:107,4
DA:110,4
DA:111,4
DA:112,4
DA:114,4
LF:31
LH:31
BRF:0
BRH:0
end_of_record
TN:
SF:routes/auth.js
FN:22,(anonymous_0)
FN:26,(anonymous_1)
FN:49,(anonymous_2)
FN:53,(anonymous_3)
FNF:4
FNH:4
FNDA:5,(anonymous_0)
FNDA:2,(anonymous_1)
FNDA:3,(anonymous_2)
FNDA:5,(anonymous_3)
DA:5,5
DA:7,5
DA:8,5
DA:9,5
DA:10,5
DA:11,5
DA:12,5
DA:13,5
DA:22,5
DA:23,5
DA:24,5
DA:25,5
DA:26,2
DA:27,2
DA:30,3
DA:31,3
DA:32,1
DA:33,1
DA:35,4
DA:49,5
DA:50,3
DA:51,3
DA:52,3
DA:53,5
DA:54,2
DA:57,1
DA:58,1
DA:59,1
DA:61,2
DA:66,5
LF:30
LH:30
BRDA:25,0,0,2
BRDA:25,0,1,3
BRDA:52,1,0,2
BRDA:52,1,1,1
BRF:4
BRH:4
end_of_record
TN:
SF:routes/companies.js
FN:26,(anonymous_0)
FN:30,(anonymous_1)
FN:51,(anonymous_2)
FN:68,(anonymous_3)
FN:88,(anonymous_4)
FN:92,(anonymous_5)
FN:108,(anonymous_6)
FNF:7
FNH:7
FNDA:3,(anonymous_0)
FNDA:3,(anonymous_1)
FNDA:3,(anonymous_2)
FNDA:3,(anonymous_3)
FNDA:4,(anonymous_4)
FNDA:2,(anonymous_5)
FNDA:2,(anonymous_6)
DA:5,5
DA:6,5
DA:8,5
DA:9,5
DA:10,5
DA:12,5
DA:13,5
DA:15,5
DA:26,5
DA:27,3
DA:28,3
DA:29,3
DA:30,3
DA:31,2
DA:33,1
DA:34,1
DA:36,2
DA:51,5
DA:52,3
DA:53,3
DA:54,2
DA:56,1
DA:68,5
DA:69,3
DA:70,3
DA:71,2
DA:73,1
DA:88,5
DA:89,4
DA:90,4
DA:91,4
DA:92,2
DA:93,2
DA:96,2
DA:97,1
DA:99,3
DA:108,5
DA:109,2
DA:110,2
DA:111,1
DA:113,1
DA:117,5
LF:42
LH:42
BRDA:29,0,0,2
BRDA:29,0,1,1
BRDA:91,1,0,2
BRDA:91,1,1,2
BRF:4
BRH:4
end_of_record
TN:
SF:routes/jobs.js
FN:21,(anonymous_0)
FN:25,(anonymous_1)
FN:46,(anonymous_2)
FN:63,(anonymous_3)
FN:83,(anonymous_4)
FN:87,(anonymous_5)
FN:101,(anonymous_6)
FNF:7
FNH:7
FNDA:4,(anonymous_0)
FNDA:7,(anonymous_1)
FNDA:4,(anonymous_2)
FNDA:4,(anonymous_3)
FNDA:4,(anonymous_4)
FNDA:1,(anonymous_5)
FNDA:2,(anonymous_6)
DA:3,5
DA:4,5
DA:5,5
DA:6,5
DA:7,5
DA:8,5
DA:9,5
DA:10,5
DA:21,5
DA:22,4
DA:23,4
DA:24,4
DA:25,7
DA:28,1
DA:29,1
DA:31,3
DA:46,5
DA:47,4
DA:48,4
DA:49,3
DA:51,1
DA:63,5
DA:64,4
DA:65,4
DA:66,2
DA:68,2
DA:83,5
DA:84,4
DA:85,4
DA:86,4
DA:87,1
DA:89,3
DA:90,2
DA:92,2
DA:101,5
DA:102,2
DA:103,2
DA:104,1
DA:106,1
DA:110,5
LF:40
LH:40
BRDA:24,0,0,3
BRDA:24,0,1,1
BRDA:86,1,0,1
BRDA:86,1,1,3
BRF:4
BRH:4
end_of_record
TN:
SF:routes/users.js
FN:29,(anonymous_0)
FN:33,(anonymous_1)
FN:52,(anonymous_2)
FN:68,(anonymous_3)
FN:87,(anonymous_4)
FN:91,(anonymous_5)
FN:107,(anonymous_6)
FN:126,(anonymous_7)
FNF:8
FNH:8
FNDA:4,(anonymous_0)
FNDA:5,(anonymous_1)
FNDA:2,(anonymous_2)
FNDA:3,(anonymous_3)
FNDA:5,(anonymous_4)
FNDA:1,(anonymous_5)
FNDA:3,(anonymous_6)
FNDA:3,(anonymous_7)
DA:5,5
DA:7,5
DA:8,5
DA:9,5
DA:10,5
DA:11,5
DA:12,5
DA:13,5
DA:15,5
DA:29,5
DA:30,4
DA:31,4
DA:32,4
DA:33,5
DA:34,2
DA:37,2
DA:38,2
DA:39,2
DA:41,2
DA:52,5
DA:53,2
DA:54,2
DA:55,1
DA:57,1
DA:68,5
DA:69,3
DA:70,3
DA:71,2
DA:73,1
DA:87,5
DA:88,5
DA:89,5
DA:90,5
DA:91,1
DA:92,1
DA:95,4
DA:96,3
DA:98,2
DA:107,5
DA:108,3
DA:109,3
DA:110,2
DA:112,1
DA:123,5
DA:127,3
DA:128,3
DA:129,3
DA:130,2
DA:132,1
DA:137,5
LF:50
LH:50
BRDA:32,0,0,2
BRDA:32,0,1,2
BRDA:90,1,0,1
BRDA:90,1,1,4
BRF:4
BRH:4
end_of_record
